[ 2017-06-08T08:36:42+08:00 ] 127.0.0.1 /htdocs/wechat/Subscription/wechat/index.php/home/api/responseMsg
INFO: [ app_init ] --START--
INFO: Run Behavior\BuildLiteBehavior [ RunTime:0.000080s ]
INFO: [ app_init ] --END-- [ RunTime:0.133441s ]
INFO: [ app_begin ] --START--
INFO: Run Behavior\ReadHtmlCacheBehavior [ RunTime:0.022810s ]
INFO: [ app_begin ] --END-- [ RunTime:0.022963s ]

[ 2017-06-08T08:38:08+08:00 ] 127.0.0.1 /htdocs/wechat/Subscription/wechat/index.php/home/api/responseMsg
INFO: [ app_init ] --START--
INFO: Run Behavior\BuildLiteBehavior [ RunTime:0.000013s ]
INFO: [ app_init ] --END-- [ RunTime:0.000364s ]
INFO: [ app_begin ] --START--
INFO: Run Behavior\ReadHtmlCacheBehavior [ RunTime:0.000612s ]
INFO: [ app_begin ] --END-- [ RunTime:0.000678s ]
NOTIC: [8] Undefined index: HTTP_RAW_POST_DATA D:\wamp\Apache\htdocs\wechat\Subscription\wechat\Home\Controller\ApiController.class.php 第 43 行.
NOTIC: [8] Trying to get property of non-object D:\wamp\Apache\htdocs\wechat\Subscription\wechat\Home\Controller\ApiController.class.php 第 53 行.
NOTIC: [8] Trying to get property of non-object D:\wamp\Apache\htdocs\wechat\Subscription\wechat\Home\Controller\ApiController.class.php 第 55 行.
NOTIC: [8] Trying to get property of non-object D:\wamp\Apache\htdocs\wechat\Subscription\wechat\Home\Controller\ApiController.class.php 第 59 行.
NOTIC: [8] Trying to get property of non-object D:\wamp\Apache\htdocs\wechat\Subscription\wechat\Home\Controller\ApiController.class.php 第 87 行.
INFO: [ app_end ] --START--
INFO: Run Behavior\ShowPageTraceBehavior [ RunTime:0.029096s ]
INFO: [ app_end ] --END-- [ RunTime:0.029171s ]

[ 2017-06-08T08:43:06+08:00 ] 127.0.0.1 /htdocs/wechat/Subscription/wechat/index.php/home/api/responseMsg
INFO: [ app_init ] --START--
INFO: Run Behavior\BuildLiteBehavior [ RunTime:0.000045s ]
INFO: [ app_init ] --END-- [ RunTime:0.001233s ]
INFO: [ app_begin ] --START--
INFO: Run Behavior\ReadHtmlCacheBehavior [ RunTime:0.002021s ]
INFO: [ app_begin ] --END-- [ RunTime:0.002238s ]
NOTIC: [8] Undefined index: HTTP_RAW_POST_DATA D:\wamp\Apache\htdocs\wechat\Subscription\wechat\Home\Controller\ApiController.class.php 第 43 行.
NOTIC: [8] Trying to get property of non-object D:\wamp\Apache\htdocs\wechat\Subscription\wechat\Home\Controller\ApiController.class.php 第 53 行.
NOTIC: [8] Trying to get property of non-object D:\wamp\Apache\htdocs\wechat\Subscription\wechat\Home\Controller\ApiController.class.php 第 55 行.
NOTIC: [8] Trying to get property of non-object D:\wamp\Apache\htdocs\wechat\Subscription\wechat\Home\Controller\ApiController.class.php 第 59 行.
NOTIC: [8] Trying to get property of non-object D:\wamp\Apache\htdocs\wechat\Subscription\wechat\Home\Controller\ApiController.class.php 第 87 行.
INFO: [ app_end ] --START--
INFO: Run Behavior\ShowPageTraceBehavior [ RunTime:0.001670s ]
INFO: [ app_end ] --END-- [ RunTime:0.001807s ]

[ 2017-06-08T08:43:07+08:00 ] 127.0.0.1 /htdocs/wechat/Subscription/wechat/index.php/home/api/responseMsg
INFO: [ app_init ] --START--
INFO: Run Behavior\BuildLiteBehavior [ RunTime:0.000013s ]
INFO: [ app_init ] --END-- [ RunTime:0.000299s ]
INFO: [ app_begin ] --START--
INFO: Run Behavior\ReadHtmlCacheBehavior [ RunTime:0.000451s ]
INFO: [ app_begin ] --END-- [ RunTime:0.000505s ]
NOTIC: [8] Undefined index: HTTP_RAW_POST_DATA D:\wamp\Apache\htdocs\wechat\Subscription\wechat\Home\Controller\ApiController.class.php 第 43 行.
NOTIC: [8] Trying to get property of non-object D:\wamp\Apache\htdocs\wechat\Subscription\wechat\Home\Controller\ApiController.class.php 第 53 行.
NOTIC: [8] Trying to get property of non-object D:\wamp\Apache\htdocs\wechat\Subscription\wechat\Home\Controller\ApiController.class.php 第 55 行.
NOTIC: [8] Trying to get property of non-object D:\wamp\Apache\htdocs\wechat\Subscription\wechat\Home\Controller\ApiController.class.php 第 59 行.
NOTIC: [8] Trying to get property of non-object D:\wamp\Apache\htdocs\wechat\Subscription\wechat\Home\Controller\ApiController.class.php 第 87 行.
INFO: [ app_end ] --START--
INFO: Run Behavior\ShowPageTraceBehavior [ RunTime:0.000418s ]
INFO: [ app_end ] --END-- [ RunTime:0.000467s ]

[ 2017-06-08T08:43:07+08:00 ] 127.0.0.1 /htdocs/wechat/Subscription/wechat/index.php/home/api/responseMsg
INFO: [ app_init ] --START--
INFO: Run Behavior\BuildLiteBehavior [ RunTime:0.000066s ]
INFO: [ app_init ] --END-- [ RunTime:0.001003s ]
INFO: [ app_begin ] --START--
INFO: Run Behavior\ReadHtmlCacheBehavior [ RunTime:0.001416s ]
INFO: [ app_begin ] --END-- [ RunTime:0.001601s ]
NOTIC: [8] Undefined index: HTTP_RAW_POST_DATA D:\wamp\Apache\htdocs\wechat\Subscription\wechat\Home\Controller\ApiController.class.php 第 43 行.
NOTIC: [8] Trying to get property of non-object D:\wamp\Apache\htdocs\wechat\Subscription\wechat\Home\Controller\ApiController.class.php 第 53 行.
NOTIC: [8] Trying to get property of non-object D:\wamp\Apache\htdocs\wechat\Subscription\wechat\Home\Controller\ApiController.class.php 第 55 行.
NOTIC: [8] Trying to get property of non-object D:\wamp\Apache\htdocs\wechat\Subscription\wechat\Home\Controller\ApiController.class.php 第 59 行.
NOTIC: [8] Trying to get property of non-object D:\wamp\Apache\htdocs\wechat\Subscription\wechat\Home\Controller\ApiController.class.php 第 87 行.
INFO: [ app_end ] --START--
INFO: Run Behavior\ShowPageTraceBehavior [ RunTime:0.001556s ]
INFO: [ app_end ] --END-- [ RunTime:0.001729s ]

[ 2017-06-08T08:43:08+08:00 ] 127.0.0.1 /htdocs/wechat/Subscription/wechat/index.php/home/api/responseMsg
INFO: [ app_init ] --START--
INFO: Run Behavior\BuildLiteBehavior [ RunTime:0.000029s ]
INFO: [ app_init ] --END-- [ RunTime:0.000766s ]
INFO: [ app_begin ] --START--
INFO: Run Behavior\ReadHtmlCacheBehavior [ RunTime:0.001077s ]
INFO: [ app_begin ] --END-- [ RunTime:0.001204s ]
NOTIC: [8] Undefined index: HTTP_RAW_POST_DATA D:\wamp\Apache\htdocs\wechat\Subscription\wechat\Home\Controller\ApiController.class.php 第 43 行.
NOTIC: [8] Trying to get property of non-object D:\wamp\Apache\htdocs\wechat\Subscription\wechat\Home\Controller\ApiController.class.php 第 53 行.
NOTIC: [8] Trying to get property of non-object D:\wamp\Apache\htdocs\wechat\Subscription\wechat\Home\Controller\ApiController.class.php 第 55 行.
NOTIC: [8] Trying to get property of non-object D:\wamp\Apache\htdocs\wechat\Subscription\wechat\Home\Controller\ApiController.class.php 第 59 行.
NOTIC: [8] Trying to get property of non-object D:\wamp\Apache\htdocs\wechat\Subscription\wechat\Home\Controller\ApiController.class.php 第 87 行.
INFO: [ app_end ] --START--
INFO: Run Behavior\ShowPageTraceBehavior [ RunTime:0.001608s ]
INFO: [ app_end ] --END-- [ RunTime:0.001728s ]

[ 2017-06-08T08:53:08+08:00 ] 127.0.0.1 /htdocs/wechat/Subscription/wechat/index.php/home/api/responseMsg
INFO: [ app_init ] --START--
INFO: Run Behavior\BuildLiteBehavior [ RunTime:0.000047s ]
INFO: [ app_init ] --END-- [ RunTime:0.001405s ]
INFO: [ app_begin ] --START--
INFO: Run Behavior\ReadHtmlCacheBehavior [ RunTime:0.002250s ]
INFO: [ app_begin ] --END-- [ RunTime:0.002846s ]
NOTIC: [8] Undefined index: HTTP_RAW_POST_DATA D:\wamp\Apache\htdocs\wechat\Subscription\wechat\Home\Controller\ApiController.class.php 第 43 行.
NOTIC: [8] Trying to get property of non-object D:\wamp\Apache\htdocs\wechat\Subscription\wechat\Home\Controller\ApiController.class.php 第 53 行.
NOTIC: [8] Trying to get property of non-object D:\wamp\Apache\htdocs\wechat\Subscription\wechat\Home\Controller\ApiController.class.php 第 55 行.
NOTIC: [8] Trying to get property of non-object D:\wamp\Apache\htdocs\wechat\Subscription\wechat\Home\Controller\ApiController.class.php 第 59 行.
NOTIC: [8] Trying to get property of non-object D:\wamp\Apache\htdocs\wechat\Subscription\wechat\Home\Controller\ApiController.class.php 第 88 行.
INFO: [ app_end ] --START--
INFO: Run Behavior\ShowPageTraceBehavior [ RunTime:0.001923s ]
INFO: [ app_end ] --END-- [ RunTime:0.002087s ]

[ 2017-06-08T08:53:09+08:00 ] 127.0.0.1 /htdocs/wechat/Subscription/wechat/index.php/home/api/responseMsg
INFO: [ app_init ] --START--
INFO: Run Behavior\BuildLiteBehavior [ RunTime:0.000024s ]
INFO: [ app_init ] --END-- [ RunTime:0.000663s ]
INFO: [ app_begin ] --START--
INFO: Run Behavior\ReadHtmlCacheBehavior [ RunTime:0.001608s ]
INFO: [ app_begin ] --END-- [ RunTime:0.001746s ]
NOTIC: [8] Undefined index: HTTP_RAW_POST_DATA D:\wamp\Apache\htdocs\wechat\Subscription\wechat\Home\Controller\ApiController.class.php 第 43 行.
NOTIC: [8] Trying to get property of non-object D:\wamp\Apache\htdocs\wechat\Subscription\wechat\Home\Controller\ApiController.class.php 第 53 行.
NOTIC: [8] Trying to get property of non-object D:\wamp\Apache\htdocs\wechat\Subscription\wechat\Home\Controller\ApiController.class.php 第 55 行.
NOTIC: [8] Trying to get property of non-object D:\wamp\Apache\htdocs\wechat\Subscription\wechat\Home\Controller\ApiController.class.php 第 59 行.
NOTIC: [8] Trying to get property of non-object D:\wamp\Apache\htdocs\wechat\Subscription\wechat\Home\Controller\ApiController.class.php 第 88 行.
INFO: [ app_end ] --START--
INFO: Run Behavior\ShowPageTraceBehavior [ RunTime:0.001588s ]
INFO: [ app_end ] --END-- [ RunTime:0.001735s ]

[ 2017-06-08T16:23:16+08:00 ] 127.0.0.1 /htdocs/wechat/Subscription/wechat/index.php/home/api/http_curl
INFO: [ app_init ] --START--
INFO: Run Behavior\BuildLiteBehavior [ RunTime:0.000054s ]
INFO: [ app_init ] --END-- [ RunTime:0.062383s ]
INFO: [ app_begin ] --START--
INFO: Run Behavior\ReadHtmlCacheBehavior [ RunTime:0.017773s ]
INFO: [ app_begin ] --END-- [ RunTime:0.017992s ]

[ 2017-06-08T16:26:41+08:00 ] 127.0.0.1 /htdocs/wechat/Subscription/wechat/index.php/home/api/http_curl
INFO: [ app_init ] --START--
INFO: Run Behavior\BuildLiteBehavior [ RunTime:0.000012s ]
INFO: [ app_init ] --END-- [ RunTime:0.000327s ]
INFO: [ app_begin ] --START--
INFO: Run Behavior\ReadHtmlCacheBehavior [ RunTime:0.000591s ]
INFO: [ app_begin ] --END-- [ RunTime:0.000649s ]
ERR: 参数错误或者未定义:url

[ 2017-06-08T16:26:49+08:00 ] 127.0.0.1 /htdocs/wechat/Subscription/wechat/index.php/home/api/http_curl
INFO: [ app_init ] --START--
INFO: Run Behavior\BuildLiteBehavior [ RunTime:0.000024s ]
INFO: [ app_init ] --END-- [ RunTime:0.000710s ]
INFO: [ app_begin ] --START--
INFO: Run Behavior\ReadHtmlCacheBehavior [ RunTime:0.001168s ]
INFO: [ app_begin ] --END-- [ RunTime:0.001285s ]

[ 2017-06-08T16:26:50+08:00 ] 127.0.0.1 /htdocs/wechat/Subscription/wechat/index.php/home/api/http_curl
INFO: [ app_init ] --START--
INFO: Run Behavior\BuildLiteBehavior [ RunTime:0.000013s ]
INFO: [ app_init ] --END-- [ RunTime:0.000434s ]
INFO: [ app_begin ] --START--
INFO: Run Behavior\ReadHtmlCacheBehavior [ RunTime:0.000568s ]
INFO: [ app_begin ] --END-- [ RunTime:0.000651s ]

[ 2017-06-08T16:26:50+08:00 ] 127.0.0.1 /htdocs/wechat/Subscription/wechat/index.php/home/api/http_curl
INFO: [ app_init ] --START--
INFO: Run Behavior\BuildLiteBehavior [ RunTime:0.000014s ]
INFO: [ app_init ] --END-- [ RunTime:0.000345s ]
INFO: [ app_begin ] --START--
INFO: Run Behavior\ReadHtmlCacheBehavior [ RunTime:0.000770s ]
INFO: [ app_begin ] --END-- [ RunTime:0.000847s ]

[ 2017-06-08T16:26:50+08:00 ] 127.0.0.1 /htdocs/wechat/Subscription/wechat/index.php/home/api/http_curl
INFO: [ app_init ] --START--
INFO: Run Behavior\BuildLiteBehavior [ RunTime:0.000019s ]
INFO: [ app_init ] --END-- [ RunTime:0.000473s ]
INFO: [ app_begin ] --START--
INFO: Run Behavior\ReadHtmlCacheBehavior [ RunTime:0.000870s ]
INFO: [ app_begin ] --END-- [ RunTime:0.000957s ]

[ 2017-06-08T16:28:04+08:00 ] 127.0.0.1 /htdocs/wechat/Subscription/wechat/index.php/home/api/http_curl
INFO: [ app_init ] --START--
INFO: Run Behavior\BuildLiteBehavior [ RunTime:0.000017s ]
INFO: [ app_init ] --END-- [ RunTime:0.001098s ]
INFO: [ app_begin ] --START--
INFO: Run Behavior\ReadHtmlCacheBehavior [ RunTime:0.000623s ]
INFO: [ app_begin ] --END-- [ RunTime:0.000689s ]

[ 2017-06-08T16:29:16+08:00 ] 127.0.0.1 /htdocs/wechat/Subscription/wechat/index.php/home/api/http_curl
INFO: [ app_init ] --START--
INFO: Run Behavior\BuildLiteBehavior [ RunTime:0.000022s ]
INFO: [ app_init ] --END-- [ RunTime:0.000675s ]
INFO: [ app_begin ] --START--
INFO: Run Behavior\ReadHtmlCacheBehavior [ RunTime:0.001071s ]
INFO: [ app_begin ] --END-- [ RunTime:0.001173s ]

[ 2017-06-08T16:29:17+08:00 ] 127.0.0.1 /htdocs/wechat/Subscription/wechat/index.php/home/api/http_curl
INFO: [ app_init ] --START--
INFO: Run Behavior\BuildLiteBehavior [ RunTime:0.000012s ]
INFO: [ app_init ] --END-- [ RunTime:0.000312s ]
INFO: [ app_begin ] --START--
INFO: Run Behavior\ReadHtmlCacheBehavior [ RunTime:0.000442s ]
INFO: [ app_begin ] --END-- [ RunTime:0.000493s ]

[ 2017-06-08T16:32:41+08:00 ] 127.0.0.1 /htdocs/wechat/Subscription/wechat/index.php/home/api/http_curl
INFO: [ app_init ] --START--
INFO: Run Behavior\BuildLiteBehavior [ RunTime:0.000031s ]
INFO: [ app_init ] --END-- [ RunTime:0.000847s ]
INFO: [ app_begin ] --START--
INFO: Run Behavior\ReadHtmlCacheBehavior [ RunTime:0.002270s ]
INFO: [ app_begin ] --END-- [ RunTime:0.002551s ]
INFO: [ app_end ] --START--
INFO: Run Behavior\ShowPageTraceBehavior [ RunTime:0.022663s ]
INFO: [ app_end ] --END-- [ RunTime:0.023159s ]

[ 2017-06-08T16:33:49+08:00 ] 127.0.0.1 /htdocs/wechat/Subscription/wechat/index.php/home/api/http_curl
INFO: [ app_init ] --START--
INFO: Run Behavior\BuildLiteBehavior [ RunTime:0.000017s ]
INFO: [ app_init ] --END-- [ RunTime:0.000452s ]
INFO: [ app_begin ] --START--
INFO: Run Behavior\ReadHtmlCacheBehavior [ RunTime:0.000986s ]
INFO: [ app_begin ] --END-- [ RunTime:0.001179s ]
INFO: [ app_end ] --START--
INFO: Run Behavior\ShowPageTraceBehavior [ RunTime:0.001876s ]
INFO: [ app_end ] --END-- [ RunTime:0.002099s ]

[ 2017-06-08T16:33:52+08:00 ] 127.0.0.1 /htdocs/wechat/Subscription/wechat/index.php/home/api/http_curl
INFO: [ app_init ] --START--
INFO: Run Behavior\BuildLiteBehavior [ RunTime:0.000017s ]
INFO: [ app_init ] --END-- [ RunTime:0.000472s ]
INFO: [ app_begin ] --START--
INFO: Run Behavior\ReadHtmlCacheBehavior [ RunTime:0.000536s ]
INFO: [ app_begin ] --END-- [ RunTime:0.000608s ]
INFO: [ app_end ] --START--
INFO: Run Behavior\ShowPageTraceBehavior [ RunTime:0.001874s ]
INFO: [ app_end ] --END-- [ RunTime:0.002283s ]

[ 2017-06-08T16:33:53+08:00 ] 127.0.0.1 /htdocs/wechat/Subscription/wechat/index.php/home/api/http_curl
INFO: [ app_init ] --START--
INFO: Run Behavior\BuildLiteBehavior [ RunTime:0.000024s ]
INFO: [ app_init ] --END-- [ RunTime:0.000664s ]
INFO: [ app_begin ] --START--
INFO: Run Behavior\ReadHtmlCacheBehavior [ RunTime:0.001004s ]
INFO: [ app_begin ] --END-- [ RunTime:0.001114s ]
INFO: [ app_end ] --START--
INFO: Run Behavior\ShowPageTraceBehavior [ RunTime:0.003764s ]
INFO: [ app_end ] --END-- [ RunTime:0.004184s ]

[ 2017-06-08T16:33:53+08:00 ] 127.0.0.1 /htdocs/wechat/Subscription/wechat/index.php/home/api/http_curl
INFO: [ app_init ] --START--
INFO: Run Behavior\BuildLiteBehavior [ RunTime:0.000017s ]
INFO: [ app_init ] --END-- [ RunTime:0.000444s ]
INFO: [ app_begin ] --START--
INFO: Run Behavior\ReadHtmlCacheBehavior [ RunTime:0.000751s ]
INFO: [ app_begin ] --END-- [ RunTime:0.000872s ]
INFO: [ app_end ] --START--
INFO: Run Behavior\ShowPageTraceBehavior [ RunTime:0.003513s ]
INFO: [ app_end ] --END-- [ RunTime:0.004005s ]

[ 2017-06-08T16:34:04+08:00 ] 127.0.0.1 /htdocs/wechat/Subscription/wechat/index.php/home/api/http_curl
INFO: [ app_init ] --START--
INFO: Run Behavior\BuildLiteBehavior [ RunTime:0.000013s ]
INFO: [ app_init ] --END-- [ RunTime:0.000319s ]
INFO: [ app_begin ] --START--
INFO: Run Behavior\ReadHtmlCacheBehavior [ RunTime:0.000536s ]
INFO: [ app_begin ] --END-- [ RunTime:0.000613s ]
INFO: [ app_end ] --START--
INFO: Run Behavior\ShowPageTraceBehavior [ RunTime:0.001268s ]
INFO: [ app_end ] --END-- [ RunTime:0.001443s ]

[ 2017-06-08T16:35:02+08:00 ] 127.0.0.1 /htdocs/wechat/Subscription/wechat/index.php/home/api/http_curl
INFO: [ app_init ] --START--
INFO: Run Behavior\BuildLiteBehavior [ RunTime:0.000018s ]
INFO: [ app_init ] --END-- [ RunTime:0.000567s ]
INFO: [ app_begin ] --START--
INFO: Run Behavior\ReadHtmlCacheBehavior [ RunTime:0.000729s ]
INFO: [ app_begin ] --END-- [ RunTime:0.000866s ]
INFO: [ app_end ] --START--
INFO: Run Behavior\ShowPageTraceBehavior [ RunTime:0.002104s ]
INFO: [ app_end ] --END-- [ RunTime:0.002353s ]

[ 2017-06-08T16:35:28+08:00 ] 127.0.0.1 /htdocs/wechat/Subscription/wechat/index.php/home/api/http_curl
INFO: [ app_init ] --START--
INFO: Run Behavior\BuildLiteBehavior [ RunTime:0.000019s ]
INFO: [ app_init ] --END-- [ RunTime:0.000535s ]
INFO: [ app_begin ] --START--
INFO: Run Behavior\ReadHtmlCacheBehavior [ RunTime:0.000833s ]
INFO: [ app_begin ] --END-- [ RunTime:0.000921s ]
INFO: [ app_end ] --START--
INFO: Run Behavior\ShowPageTraceBehavior [ RunTime:0.001010s ]
INFO: [ app_end ] --END-- [ RunTime:0.001126s ]

[ 2017-06-08T16:35:30+08:00 ] 127.0.0.1 /htdocs/wechat/Subscription/wechat/index.php/home/api/http_curl
INFO: [ app_init ] --START--
INFO: Run Behavior\BuildLiteBehavior [ RunTime:0.000024s ]
INFO: [ app_init ] --END-- [ RunTime:0.000614s ]
INFO: [ app_begin ] --START--
INFO: Run Behavior\ReadHtmlCacheBehavior [ RunTime:0.000892s ]
INFO: [ app_begin ] --END-- [ RunTime:0.001017s ]
INFO: [ app_end ] --START--
INFO: Run Behavior\ShowPageTraceBehavior [ RunTime:0.003389s ]
INFO: [ app_end ] --END-- [ RunTime:0.003850s ]

[ 2017-06-08T16:35:40+08:00 ] 127.0.0.1 /htdocs/wechat/Subscription/wechat/index.php/home/api/http_curl
INFO: [ app_init ] --START--
INFO: Run Behavior\BuildLiteBehavior [ RunTime:0.000014s ]
INFO: [ app_init ] --END-- [ RunTime:0.000386s ]
INFO: [ app_begin ] --START--
INFO: Run Behavior\ReadHtmlCacheBehavior [ RunTime:0.000647s ]
INFO: [ app_begin ] --END-- [ RunTime:0.000729s ]
INFO: [ app_end ] --START--
INFO: Run Behavior\ShowPageTraceBehavior [ RunTime:0.000815s ]
INFO: [ app_end ] --END-- [ RunTime:0.000920s ]

[ 2017-06-08T16:35:43+08:00 ] 127.0.0.1 /htdocs/wechat/Subscription/wechat/index.php/home/api/http_curl
INFO: [ app_init ] --START--
INFO: Run Behavior\BuildLiteBehavior [ RunTime:0.000016s ]
INFO: [ app_init ] --END-- [ RunTime:0.000395s ]
INFO: [ app_begin ] --START--
INFO: Run Behavior\ReadHtmlCacheBehavior [ RunTime:0.000526s ]
INFO: [ app_begin ] --END-- [ RunTime:0.000594s ]
INFO: [ app_end ] --START--
INFO: Run Behavior\ShowPageTraceBehavior [ RunTime:0.002420s ]
INFO: [ app_end ] --END-- [ RunTime:0.002779s ]

[ 2017-06-08T16:35:44+08:00 ] 127.0.0.1 /htdocs/wechat/Subscription/wechat/index.php/home/api/http_curl
INFO: [ app_init ] --START--
INFO: Run Behavior\BuildLiteBehavior [ RunTime:0.000021s ]
INFO: [ app_init ] --END-- [ RunTime:0.000635s ]
INFO: [ app_begin ] --START--
INFO: Run Behavior\ReadHtmlCacheBehavior [ RunTime:0.000954s ]
INFO: [ app_begin ] --END-- [ RunTime:0.001054s ]
INFO: [ app_end ] --START--
INFO: Run Behavior\ShowPageTraceBehavior [ RunTime:0.001042s ]
INFO: [ app_end ] --END-- [ RunTime:0.001191s ]

[ 2017-06-08T16:35:56+08:00 ] 127.0.0.1 /htdocs/wechat/Subscription/wechat/index.php/home/api/http_curl
INFO: [ app_init ] --START--
INFO: Run Behavior\BuildLiteBehavior [ RunTime:0.000016s ]
INFO: [ app_init ] --END-- [ RunTime:0.000410s ]
INFO: [ app_begin ] --START--
INFO: Run Behavior\ReadHtmlCacheBehavior [ RunTime:0.000492s ]
INFO: [ app_begin ] --END-- [ RunTime:0.000558s ]
INFO: [ app_end ] --START--
INFO: Run Behavior\ShowPageTraceBehavior [ RunTime:0.000646s ]
INFO: [ app_end ] --END-- [ RunTime:0.000759s ]

[ 2017-06-08T16:44:21+08:00 ] 127.0.0.1 /htdocs/wechat/Subscription/wechat/index.php/home/api/http_curl
INFO: [ app_init ] --START--
INFO: Run Behavior\BuildLiteBehavior [ RunTime:0.000021s ]
INFO: [ app_init ] --END-- [ RunTime:0.000570s ]
INFO: [ app_begin ] --START--
INFO: Run Behavior\ReadHtmlCacheBehavior [ RunTime:0.000806s ]
INFO: [ app_begin ] --END-- [ RunTime:0.000895s ]
INFO: [ app_end ] --START--
INFO: Run Behavior\ShowPageTraceBehavior [ RunTime:0.001278s ]
INFO: [ app_end ] --END-- [ RunTime:0.001404s ]

[ 2017-06-08T16:45:40+08:00 ] 127.0.0.1 /htdocs/wechat/Subscription/wechat/index.php/home/api/getWxAccessToken
INFO: [ app_init ] --START--
INFO: Run Behavior\BuildLiteBehavior [ RunTime:0.000027s ]
INFO: [ app_init ] --END-- [ RunTime:0.000707s ]
INFO: [ app_begin ] --START--
INFO: Run Behavior\ReadHtmlCacheBehavior [ RunTime:0.001204s ]
INFO: [ app_begin ] --END-- [ RunTime:0.001326s ]
NOTIC: [2] curl_errno(): 25 is not a valid cURL handle resource D:\wamp\Apache\htdocs\wechat\Subscription\wechat\Home\Controller\ApiController.class.php 第 247 行.
INFO: [ app_end ] --START--
INFO: Run Behavior\ShowPageTraceBehavior [ RunTime:0.002278s ]
INFO: [ app_end ] --END-- [ RunTime:0.002506s ]

[ 2017-06-08T17:00:10+08:00 ] 127.0.0.1 /htdocs/wechat/Subscription/wechat/index.php/home/api/getWxAccessToken
INFO: [ app_init ] --START--
INFO: Run Behavior\BuildLiteBehavior [ RunTime:0.000024s ]
INFO: [ app_init ] --END-- [ RunTime:0.000755s ]
INFO: [ app_begin ] --START--
INFO: Run Behavior\ReadHtmlCacheBehavior [ RunTime:0.000977s ]
INFO: [ app_begin ] --END-- [ RunTime:0.001089s ]
NOTIC: [2] curl_errno(): 25 is not a valid cURL handle resource D:\wamp\Apache\htdocs\wechat\Subscription\wechat\Home\Controller\ApiController.class.php 第 247 行.
INFO: [ app_end ] --START--
INFO: Run Behavior\ShowPageTraceBehavior [ RunTime:0.001129s ]
INFO: [ app_end ] --END-- [ RunTime:0.001237s ]

[ 2017-06-08T17:03:28+08:00 ] 127.0.0.1 /htdocs/wechat/Subscription/wechat/index.php/home/api/getWxAccessToken
INFO: [ app_init ] --START--
INFO: Run Behavior\BuildLiteBehavior [ RunTime:0.000023s ]
INFO: [ app_init ] --END-- [ RunTime:0.000702s ]
INFO: [ app_begin ] --START--
INFO: Run Behavior\ReadHtmlCacheBehavior [ RunTime:0.000983s ]
INFO: [ app_begin ] --END-- [ RunTime:0.001115s ]
NOTIC: [2] curl_errno(): 25 is not a valid cURL handle resource D:\wamp\Apache\htdocs\wechat\Subscription\wechat\Home\Controller\ApiController.class.php 第 247 行.
INFO: [ app_end ] --START--
INFO: Run Behavior\ShowPageTraceBehavior [ RunTime:0.000663s ]
INFO: [ app_end ] --END-- [ RunTime:0.000727s ]

