[ 2017-06-07T14:44:45+08:00 ] 127.0.0.1 /htdocs/wechat/Subscription/wechat/index.php/home/api
ERR: 无法加载控制器:Api

[ 2017-06-07T14:45:04+08:00 ] 127.0.0.1 /htdocs/wechat/Subscription/wechat/index.php/home/api
ERR: 无法加载控制器:Api

[ 2017-06-07T14:56:55+08:00 ] 127.0.0.1 /htdocs/wechat/Subscription/wechat/index.php/home/api
INFO: [ app_init ] --START--
INFO: Run Behavior\BuildLiteBehavior [ RunTime:0.000014s ]
INFO: [ app_init ] --END-- [ RunTime:0.000421s ]
INFO: [ app_begin ] --START--
INFO: Run Behavior\ReadHtmlCacheBehavior [ RunTime:0.000512s ]
INFO: [ app_begin ] --END-- [ RunTime:0.000567s ]
NOTIC: [8] Undefined index: nonce D:\wamp\Apache\htdocs\wechat\Subscription\wechat\Home\Controller\ApiController.class.php 第 10 行.
NOTIC: [8] Undefined index: timestamp D:\wamp\Apache\htdocs\wechat\Subscription\wechat\Home\Controller\ApiController.class.php 第 12 行.
NOTIC: [8] Undefined index: echostr D:\wamp\Apache\htdocs\wechat\Subscription\wechat\Home\Controller\ApiController.class.php 第 13 行.
NOTIC: [8] Undefined index: signature D:\wamp\Apache\htdocs\wechat\Subscription\wechat\Home\Controller\ApiController.class.php 第 14 行.
INFO: [ app_end ] --START--
INFO: Run Behavior\ShowPageTraceBehavior [ RunTime:0.000509s ]
INFO: [ app_end ] --END-- [ RunTime:0.000560s ]

[ 2017-06-07T14:56:55+08:00 ] 127.0.0.1 /htdocs/wechat/Subscription/wechat/index.php/home/api
INFO: [ app_init ] --START--
INFO: Run Behavior\BuildLiteBehavior [ RunTime:0.000022s ]
INFO: [ app_init ] --END-- [ RunTime:0.000528s ]
INFO: [ app_begin ] --START--
INFO: Run Behavior\ReadHtmlCacheBehavior [ RunTime:0.000701s ]
INFO: [ app_begin ] --END-- [ RunTime:0.000793s ]
NOTIC: [8] Undefined index: nonce D:\wamp\Apache\htdocs\wechat\Subscription\wechat\Home\Controller\ApiController.class.php 第 10 行.
NOTIC: [8] Undefined index: timestamp D:\wamp\Apache\htdocs\wechat\Subscription\wechat\Home\Controller\ApiController.class.php 第 12 行.
NOTIC: [8] Undefined index: echostr D:\wamp\Apache\htdocs\wechat\Subscription\wechat\Home\Controller\ApiController.class.php 第 13 行.
NOTIC: [8] Undefined index: signature D:\wamp\Apache\htdocs\wechat\Subscription\wechat\Home\Controller\ApiController.class.php 第 14 行.
INFO: [ app_end ] --START--
INFO: Run Behavior\ShowPageTraceBehavior [ RunTime:0.000783s ]
INFO: [ app_end ] --END-- [ RunTime:0.000909s ]

[ 2017-06-07T14:56:56+08:00 ] 127.0.0.1 /htdocs/wechat/Subscription/wechat/index.php/home/api
INFO: [ app_init ] --START--
INFO: Run Behavior\BuildLiteBehavior [ RunTime:0.000014s ]
INFO: [ app_init ] --END-- [ RunTime:0.000346s ]
INFO: [ app_begin ] --START--
INFO: Run Behavior\ReadHtmlCacheBehavior [ RunTime:0.000462s ]
INFO: [ app_begin ] --END-- [ RunTime:0.000522s ]
NOTIC: [8] Undefined index: nonce D:\wamp\Apache\htdocs\wechat\Subscription\wechat\Home\Controller\ApiController.class.php 第 10 行.
NOTIC: [8] Undefined index: timestamp D:\wamp\Apache\htdocs\wechat\Subscription\wechat\Home\Controller\ApiController.class.php 第 12 行.
NOTIC: [8] Undefined index: echostr D:\wamp\Apache\htdocs\wechat\Subscription\wechat\Home\Controller\ApiController.class.php 第 13 行.
NOTIC: [8] Undefined index: signature D:\wamp\Apache\htdocs\wechat\Subscription\wechat\Home\Controller\ApiController.class.php 第 14 行.
INFO: [ app_end ] --START--
INFO: Run Behavior\ShowPageTraceBehavior [ RunTime:0.000425s ]
INFO: [ app_end ] --END-- [ RunTime:0.000475s ]

[ 2017-06-07T14:56:56+08:00 ] 127.0.0.1 /htdocs/wechat/Subscription/wechat/index.php/home/api
INFO: [ app_init ] --START--
INFO: Run Behavior\BuildLiteBehavior [ RunTime:0.000020s ]
INFO: [ app_init ] --END-- [ RunTime:0.000472s ]
INFO: [ app_begin ] --START--
INFO: Run Behavior\ReadHtmlCacheBehavior [ RunTime:0.000818s ]
INFO: [ app_begin ] --END-- [ RunTime:0.000919s ]
NOTIC: [8] Undefined index: nonce D:\wamp\Apache\htdocs\wechat\Subscription\wechat\Home\Controller\ApiController.class.php 第 10 行.
NOTIC: [8] Undefined index: timestamp D:\wamp\Apache\htdocs\wechat\Subscription\wechat\Home\Controller\ApiController.class.php 第 12 行.
NOTIC: [8] Undefined index: echostr D:\wamp\Apache\htdocs\wechat\Subscription\wechat\Home\Controller\ApiController.class.php 第 13 行.
NOTIC: [8] Undefined index: signature D:\wamp\Apache\htdocs\wechat\Subscription\wechat\Home\Controller\ApiController.class.php 第 14 行.
INFO: [ app_end ] --START--
INFO: Run Behavior\ShowPageTraceBehavior [ RunTime:0.000653s ]
INFO: [ app_end ] --END-- [ RunTime:0.000730s ]

[ 2017-06-07T14:56:56+08:00 ] 127.0.0.1 /htdocs/wechat/Subscription/wechat/index.php/home/api
INFO: [ app_init ] --START--
INFO: Run Behavior\BuildLiteBehavior [ RunTime:0.000019s ]
INFO: [ app_init ] --END-- [ RunTime:0.000473s ]
INFO: [ app_begin ] --START--
INFO: Run Behavior\ReadHtmlCacheBehavior [ RunTime:0.000622s ]
INFO: [ app_begin ] --END-- [ RunTime:0.000705s ]
NOTIC: [8] Undefined index: nonce D:\wamp\Apache\htdocs\wechat\Subscription\wechat\Home\Controller\ApiController.class.php 第 10 行.
NOTIC: [8] Undefined index: timestamp D:\wamp\Apache\htdocs\wechat\Subscription\wechat\Home\Controller\ApiController.class.php 第 12 行.
NOTIC: [8] Undefined index: echostr D:\wamp\Apache\htdocs\wechat\Subscription\wechat\Home\Controller\ApiController.class.php 第 13 行.
NOTIC: [8] Undefined index: signature D:\wamp\Apache\htdocs\wechat\Subscription\wechat\Home\Controller\ApiController.class.php 第 14 行.
INFO: [ app_end ] --START--
INFO: Run Behavior\ShowPageTraceBehavior [ RunTime:0.000638s ]
INFO: [ app_end ] --END-- [ RunTime:0.000711s ]

[ 2017-06-07T14:56:56+08:00 ] 127.0.0.1 /htdocs/wechat/Subscription/wechat/index.php/home/api
INFO: [ app_init ] --START--
INFO: Run Behavior\BuildLiteBehavior [ RunTime:0.000018s ]
INFO: [ app_init ] --END-- [ RunTime:0.000438s ]
INFO: [ app_begin ] --START--
INFO: Run Behavior\ReadHtmlCacheBehavior [ RunTime:0.000761s ]
INFO: [ app_begin ] --END-- [ RunTime:0.000859s ]
NOTIC: [8] Undefined index: nonce D:\wamp\Apache\htdocs\wechat\Subscription\wechat\Home\Controller\ApiController.class.php 第 10 行.
NOTIC: [8] Undefined index: timestamp D:\wamp\Apache\htdocs\wechat\Subscription\wechat\Home\Controller\ApiController.class.php 第 12 行.
NOTIC: [8] Undefined index: echostr D:\wamp\Apache\htdocs\wechat\Subscription\wechat\Home\Controller\ApiController.class.php 第 13 行.
NOTIC: [8] Undefined index: signature D:\wamp\Apache\htdocs\wechat\Subscription\wechat\Home\Controller\ApiController.class.php 第 14 行.
INFO: [ app_end ] --START--
INFO: Run Behavior\ShowPageTraceBehavior [ RunTime:0.000659s ]
INFO: [ app_end ] --END-- [ RunTime:0.000744s ]

[ 2017-06-07T14:57:12+08:00 ] 127.0.0.1 /htdocs/wechat/Subscription/wechat/index.php/home/api
INFO: [ app_init ] --START--
INFO: Run Behavior\BuildLiteBehavior [ RunTime:0.000020s ]
INFO: [ app_init ] --END-- [ RunTime:0.000871s ]
INFO: [ app_begin ] --START--
INFO: Run Behavior\ReadHtmlCacheBehavior [ RunTime:0.000622s ]
INFO: [ app_begin ] --END-- [ RunTime:0.000704s ]

[ 2017-06-07T14:57:31+08:00 ] 127.0.0.1 /htdocs/wechat/Subscription/wechat/index.php/home/api
INFO: [ app_init ] --START--
INFO: Run Behavior\BuildLiteBehavior [ RunTime:0.000016s ]
INFO: [ app_init ] --END-- [ RunTime:0.000457s ]
INFO: [ app_begin ] --START--
INFO: Run Behavior\ReadHtmlCacheBehavior [ RunTime:0.000675s ]
INFO: [ app_begin ] --END-- [ RunTime:0.000745s ]
NOTIC: [8] Undefined index: nonce D:\wamp\Apache\htdocs\wechat\Subscription\wechat\Home\Controller\ApiController.class.php 第 12 行.
NOTIC: [8] Undefined index: timestamp D:\wamp\Apache\htdocs\wechat\Subscription\wechat\Home\Controller\ApiController.class.php 第 14 行.
NOTIC: [8] Undefined index: echostr D:\wamp\Apache\htdocs\wechat\Subscription\wechat\Home\Controller\ApiController.class.php 第 15 行.
NOTIC: [8] Undefined index: signature D:\wamp\Apache\htdocs\wechat\Subscription\wechat\Home\Controller\ApiController.class.php 第 16 行.
INFO: [ app_end ] --START--
INFO: Run Behavior\ShowPageTraceBehavior [ RunTime:0.000680s ]
INFO: [ app_end ] --END-- [ RunTime:0.000746s ]

[ 2017-06-07T15:02:02+08:00 ] 127.0.0.1 /htdocs/wechat/Subscription/wechat/index.php/home/api
INFO: [ app_init ] --START--
INFO: Run Behavior\BuildLiteBehavior [ RunTime:0.000015s ]
INFO: [ app_init ] --END-- [ RunTime:0.000396s ]
INFO: [ app_begin ] --START--
INFO: Run Behavior\ReadHtmlCacheBehavior [ RunTime:0.000495s ]
INFO: [ app_begin ] --END-- [ RunTime:0.000549s ]
NOTIC: [8] Undefined index: nonce D:\wamp\Apache\htdocs\wechat\Subscription\wechat\Home\Controller\ApiController.class.php 第 14 行.
NOTIC: [8] Undefined index: timestamp D:\wamp\Apache\htdocs\wechat\Subscription\wechat\Home\Controller\ApiController.class.php 第 16 行.
NOTIC: [8] Undefined index: echostr D:\wamp\Apache\htdocs\wechat\Subscription\wechat\Home\Controller\ApiController.class.php 第 17 行.
NOTIC: [8] Undefined index: signature D:\wamp\Apache\htdocs\wechat\Subscription\wechat\Home\Controller\ApiController.class.php 第 18 行.
INFO: [ app_end ] --START--
INFO: Run Behavior\ShowPageTraceBehavior [ RunTime:0.000484s ]
INFO: [ app_end ] --END-- [ RunTime:0.000533s ]

[ 2017-06-07T15:02:13+08:00 ] 127.0.0.1 /htdocs/wechat/Subscription/wechat/index.php/home/api
INFO: [ app_init ] --START--
INFO: Run Behavior\BuildLiteBehavior [ RunTime:0.000044s ]
INFO: [ app_init ] --END-- [ RunTime:0.001813s ]
INFO: [ app_begin ] --START--
INFO: Run Behavior\ReadHtmlCacheBehavior [ RunTime:0.001348s ]
INFO: [ app_begin ] --END-- [ RunTime:0.001493s ]
NOTIC: [8] Undefined index: nonce D:\wamp\Apache\htdocs\wechat\Subscription\wechat\Home\Controller\ApiController.class.php 第 14 行.
NOTIC: [8] Undefined index: timestamp D:\wamp\Apache\htdocs\wechat\Subscription\wechat\Home\Controller\ApiController.class.php 第 16 行.
NOTIC: [8] Undefined index: echostr D:\wamp\Apache\htdocs\wechat\Subscription\wechat\Home\Controller\ApiController.class.php 第 17 行.
NOTIC: [8] Undefined index: signature D:\wamp\Apache\htdocs\wechat\Subscription\wechat\Home\Controller\ApiController.class.php 第 18 行.
INFO: [ app_end ] --START--
INFO: Run Behavior\ShowPageTraceBehavior [ RunTime:0.000761s ]
INFO: [ app_end ] --END-- [ RunTime:0.000849s ]

[ 2017-06-07T15:02:20+08:00 ] 127.0.0.1 /htdocs/wechat/Subscription/wechat/index.php/home/api/index
INFO: [ app_init ] --START--
INFO: Run Behavior\BuildLiteBehavior [ RunTime:0.000020s ]
INFO: [ app_init ] --END-- [ RunTime:0.000542s ]
INFO: [ app_begin ] --START--
INFO: Run Behavior\ReadHtmlCacheBehavior [ RunTime:0.000906s ]
INFO: [ app_begin ] --END-- [ RunTime:0.000990s ]
NOTIC: [8] Undefined index: nonce D:\wamp\Apache\htdocs\wechat\Subscription\wechat\Home\Controller\ApiController.class.php 第 14 行.
NOTIC: [8] Undefined index: timestamp D:\wamp\Apache\htdocs\wechat\Subscription\wechat\Home\Controller\ApiController.class.php 第 16 行.
NOTIC: [8] Undefined index: echostr D:\wamp\Apache\htdocs\wechat\Subscription\wechat\Home\Controller\ApiController.class.php 第 17 行.
NOTIC: [8] Undefined index: signature D:\wamp\Apache\htdocs\wechat\Subscription\wechat\Home\Controller\ApiController.class.php 第 18 行.
INFO: [ app_end ] --START--
INFO: Run Behavior\ShowPageTraceBehavior [ RunTime:0.000883s ]
INFO: [ app_end ] --END-- [ RunTime:0.000960s ]

[ 2017-06-07T15:02:31+08:00 ] 127.0.0.1 /htdocs/wechat/Subscription/wechat/index.php/home/api/index
INFO: [ app_init ] --START--
INFO: Run Behavior\BuildLiteBehavior [ RunTime:0.000014s ]
INFO: [ app_init ] --END-- [ RunTime:0.000304s ]
INFO: [ app_begin ] --START--
INFO: Run Behavior\ReadHtmlCacheBehavior [ RunTime:0.000707s ]
INFO: [ app_begin ] --END-- [ RunTime:0.000783s ]

[ 2017-06-07T15:02:47+08:00 ] 127.0.0.1 /htdocs/wechat/Subscription/wechat/index.php/home/api/index
INFO: [ app_init ] --START--
INFO: Run Behavior\BuildLiteBehavior [ RunTime:0.000014s ]
INFO: [ app_init ] --END-- [ RunTime:0.000309s ]
INFO: [ app_begin ] --START--
INFO: Run Behavior\ReadHtmlCacheBehavior [ RunTime:0.000552s ]
INFO: [ app_begin ] --END-- [ RunTime:0.000614s ]
NOTIC: [8] Undefined index: nonce D:\wamp\Apache\htdocs\wechat\Subscription\wechat\Home\Controller\ApiController.class.php 第 14 行.
NOTIC: [8] Undefined index: timestamp D:\wamp\Apache\htdocs\wechat\Subscription\wechat\Home\Controller\ApiController.class.php 第 16 行.
NOTIC: [8] Undefined index: echostr D:\wamp\Apache\htdocs\wechat\Subscription\wechat\Home\Controller\ApiController.class.php 第 17 行.
NOTIC: [8] Undefined index: signature D:\wamp\Apache\htdocs\wechat\Subscription\wechat\Home\Controller\ApiController.class.php 第 18 行.
INFO: [ app_end ] --START--
INFO: Run Behavior\ShowPageTraceBehavior [ RunTime:0.000422s ]
INFO: [ app_end ] --END-- [ RunTime:0.000472s ]

[ 2017-06-07T15:02:51+08:00 ] 127.0.0.1 /htdocs/wechat/Subscription/wechat/index.php/home/api/api
INFO: [ app_init ] --START--
INFO: Run Behavior\BuildLiteBehavior [ RunTime:0.000016s ]
INFO: [ app_init ] --END-- [ RunTime:0.000395s ]
INFO: [ app_begin ] --START--
INFO: Run Behavior\ReadHtmlCacheBehavior [ RunTime:0.000532s ]
INFO: [ app_begin ] --END-- [ RunTime:0.000614s ]

[ 2017-06-07T18:20:52+08:00 ] 127.0.0.1 /htdocs/wechat/Subscription/wechat/index.php/home/index/api
INFO: [ app_init ] --START--
INFO: Run Behavior\BuildLiteBehavior [ RunTime:0.000021s ]
INFO: [ app_init ] --END-- [ RunTime:0.013875s ]
INFO: [ app_begin ] --START--
INFO: Run Behavior\ReadHtmlCacheBehavior [ RunTime:0.005394s ]
INFO: [ app_begin ] --END-- [ RunTime:0.005487s ]
ERR: 非法操作:api

[ 2017-06-07T18:21:02+08:00 ] 127.0.0.1 /htdocs/wechat/Subscription/wechat/index.php/home/index/api/api
INFO: [ app_init ] --START--
INFO: Run Behavior\BuildLiteBehavior [ RunTime:0.000020s ]
INFO: [ app_init ] --END-- [ RunTime:0.000557s ]
INFO: [ app_begin ] --START--
INFO: Run Behavior\ReadHtmlCacheBehavior [ RunTime:0.000833s ]
INFO: [ app_begin ] --END-- [ RunTime:0.000917s ]
ERR: 非法操作:api

[ 2017-06-07T18:21:08+08:00 ] 127.0.0.1 /htdocs/wechat/Subscription/wechat/index.php/home/index/api/reponseMsgs
INFO: [ app_init ] --START--
INFO: Run Behavior\BuildLiteBehavior [ RunTime:0.000041s ]
INFO: [ app_init ] --END-- [ RunTime:0.001039s ]
INFO: [ app_begin ] --START--
INFO: Run Behavior\ReadHtmlCacheBehavior [ RunTime:0.001342s ]
INFO: [ app_begin ] --END-- [ RunTime:0.001516s ]
ERR: 非法操作:api

[ 2017-06-07T18:21:09+08:00 ] 127.0.0.1 /htdocs/wechat/Subscription/wechat/index.php/home/index/api/reponseMsg
INFO: [ app_init ] --START--
INFO: Run Behavior\BuildLiteBehavior [ RunTime:0.000023s ]
INFO: [ app_init ] --END-- [ RunTime:0.000575s ]
INFO: [ app_begin ] --START--
INFO: Run Behavior\ReadHtmlCacheBehavior [ RunTime:0.000758s ]
INFO: [ app_begin ] --END-- [ RunTime:0.000859s ]
ERR: 非法操作:api

[ 2017-06-07T18:21:16+08:00 ] 127.0.0.1 /htdocs/wechat/Subscription/wechat/index.php/home/api/api/reponseMsg
INFO: [ app_init ] --START--
INFO: Run Behavior\BuildLiteBehavior [ RunTime:0.000018s ]
INFO: [ app_init ] --END-- [ RunTime:0.000448s ]
INFO: [ app_begin ] --START--
INFO: Run Behavior\ReadHtmlCacheBehavior [ RunTime:0.000587s ]
INFO: [ app_begin ] --END-- [ RunTime:0.000664s ]
NOTIC: [8] Undefined index: nonce D:\wamp\Apache\htdocs\wechat\Subscription\wechat\Home\Controller\ApiController.class.php 第 34 行.
NOTIC: [8] Undefined index: timestamp D:\wamp\Apache\htdocs\wechat\Subscription\wechat\Home\Controller\ApiController.class.php 第 36 行.
NOTIC: [8] Undefined index: echostr D:\wamp\Apache\htdocs\wechat\Subscription\wechat\Home\Controller\ApiController.class.php 第 37 行.
NOTIC: [8] Undefined index: signature D:\wamp\Apache\htdocs\wechat\Subscription\wechat\Home\Controller\ApiController.class.php 第 38 行.
INFO: [ app_end ] --START--
INFO: Run Behavior\ShowPageTraceBehavior [ RunTime:0.035699s ]
INFO: [ app_end ] --END-- [ RunTime:0.035773s ]

[ 2017-06-07T18:21:18+08:00 ] 127.0.0.1 /htdocs/wechat/Subscription/wechat/index.php/home/api/api
INFO: [ app_init ] --START--
INFO: Run Behavior\BuildLiteBehavior [ RunTime:0.000015s ]
INFO: [ app_init ] --END-- [ RunTime:0.000358s ]
INFO: [ app_begin ] --START--
INFO: Run Behavior\ReadHtmlCacheBehavior [ RunTime:0.000477s ]
INFO: [ app_begin ] --END-- [ RunTime:0.000540s ]
NOTIC: [8] Undefined index: nonce D:\wamp\Apache\htdocs\wechat\Subscription\wechat\Home\Controller\ApiController.class.php 第 34 行.
NOTIC: [8] Undefined index: timestamp D:\wamp\Apache\htdocs\wechat\Subscription\wechat\Home\Controller\ApiController.class.php 第 36 行.
NOTIC: [8] Undefined index: echostr D:\wamp\Apache\htdocs\wechat\Subscription\wechat\Home\Controller\ApiController.class.php 第 37 行.
NOTIC: [8] Undefined index: signature D:\wamp\Apache\htdocs\wechat\Subscription\wechat\Home\Controller\ApiController.class.php 第 38 行.
INFO: [ app_end ] --START--
INFO: Run Behavior\ShowPageTraceBehavior [ RunTime:0.000665s ]
INFO: [ app_end ] --END-- [ RunTime:0.000775s ]

[ 2017-06-07T18:21:23+08:00 ] 127.0.0.1 /htdocs/wechat/Subscription/wechat/index.php/home/api/reponseMsg
INFO: [ app_init ] --START--
INFO: Run Behavior\BuildLiteBehavior [ RunTime:0.000020s ]
INFO: [ app_init ] --END-- [ RunTime:0.000481s ]
INFO: [ app_begin ] --START--
INFO: Run Behavior\ReadHtmlCacheBehavior [ RunTime:0.000651s ]
INFO: [ app_begin ] --END-- [ RunTime:0.000739s ]

[ 2017-06-07T18:21:51+08:00 ] 127.0.0.1 /htdocs/wechat/Subscription/wechat/index.php/home/api/reponseMsg
INFO: [ app_init ] --START--
INFO: Run Behavior\BuildLiteBehavior [ RunTime:0.000039s ]
INFO: [ app_init ] --END-- [ RunTime:0.001200s ]
INFO: [ app_begin ] --START--
INFO: Run Behavior\ReadHtmlCacheBehavior [ RunTime:0.000756s ]
INFO: [ app_begin ] --END-- [ RunTime:0.000843s ]
NOTIC: [8] Undefined index: HTTP_RAW_POST_DATA D:\wamp\Apache\htdocs\wechat\Subscription\wechat\Home\Controller\ApiController.class.php 第 58 行.

[ 2017-06-07T18:21:52+08:00 ] 127.0.0.1 /htdocs/wechat/Subscription/wechat/index.php/home/api/reponseMsg
INFO: [ app_init ] --START--
INFO: Run Behavior\BuildLiteBehavior [ RunTime:0.000025s ]
INFO: [ app_init ] --END-- [ RunTime:0.000898s ]
INFO: [ app_begin ] --START--
INFO: Run Behavior\ReadHtmlCacheBehavior [ RunTime:0.000785s ]
INFO: [ app_begin ] --END-- [ RunTime:0.000904s ]
NOTIC: [8] Undefined index: HTTP_RAW_POST_DATA D:\wamp\Apache\htdocs\wechat\Subscription\wechat\Home\Controller\ApiController.class.php 第 58 行.

[ 2017-06-07T18:22:35+08:00 ] 127.0.0.1 /htdocs/wechat/Subscription/wechat/index.php/home/api/reponseMsg
INFO: [ app_init ] --START--
INFO: Run Behavior\BuildLiteBehavior [ RunTime:0.000025s ]
INFO: [ app_init ] --END-- [ RunTime:0.000601s ]
INFO: [ app_begin ] --START--
INFO: Run Behavior\ReadHtmlCacheBehavior [ RunTime:0.000957s ]
INFO: [ app_begin ] --END-- [ RunTime:0.001071s ]
NOTIC: [8] Undefined index: HTTP_RAW_POST_DATA D:\wamp\Apache\htdocs\wechat\Subscription\wechat\Home\Controller\ApiController.class.php 第 58 行.
NOTIC: [8] Trying to get property of non-object D:\wamp\Apache\htdocs\wechat\Subscription\wechat\Home\Controller\ApiController.class.php 第 66 行.
INFO: [ app_end ] --START--
INFO: Run Behavior\ShowPageTraceBehavior [ RunTime:0.002162s ]
INFO: [ app_end ] --END-- [ RunTime:0.002403s ]

[ 2017-06-07T18:22:45+08:00 ] 127.0.0.1 /htdocs/wechat/Subscription/wechat/index.php/home/api/reponseMsg
INFO: [ app_init ] --START--
INFO: Run Behavior\BuildLiteBehavior [ RunTime:0.000016s ]
INFO: [ app_init ] --END-- [ RunTime:0.000463s ]
INFO: [ app_begin ] --START--
INFO: Run Behavior\ReadHtmlCacheBehavior [ RunTime:0.000774s ]
INFO: [ app_begin ] --END-- [ RunTime:0.000847s ]
NOTIC: [8] Undefined index: HTTP_RAW_POST_DATA D:\wamp\Apache\htdocs\wechat\Subscription\wechat\Home\Controller\ApiController.class.php 第 58 行.

[ 2017-06-07T18:22:54+08:00 ] 127.0.0.1 /htdocs/wechat/Subscription/wechat/index.php/home/api/reponseMsg
INFO: [ app_init ] --START--
INFO: Run Behavior\BuildLiteBehavior [ RunTime:0.000018s ]
INFO: [ app_init ] --END-- [ RunTime:0.000507s ]
INFO: [ app_begin ] --START--
INFO: Run Behavior\ReadHtmlCacheBehavior [ RunTime:0.000757s ]
INFO: [ app_begin ] --END-- [ RunTime:0.000836s ]
NOTIC: [8] Undefined index: HTTP_RAW_POST_DATA D:\wamp\Apache\htdocs\wechat\Subscription\wechat\Home\Controller\ApiController.class.php 第 58 行.

[ 2017-06-07T18:22:54+08:00 ] 127.0.0.1 /htdocs/wechat/Subscription/wechat/index.php/home/api/reponseMsg
INFO: [ app_init ] --START--
INFO: Run Behavior\BuildLiteBehavior [ RunTime:0.000017s ]
INFO: [ app_init ] --END-- [ RunTime:0.000406s ]
INFO: [ app_begin ] --START--
INFO: Run Behavior\ReadHtmlCacheBehavior [ RunTime:0.000548s ]
INFO: [ app_begin ] --END-- [ RunTime:0.000640s ]
NOTIC: [8] Undefined index: HTTP_RAW_POST_DATA D:\wamp\Apache\htdocs\wechat\Subscription\wechat\Home\Controller\ApiController.class.php 第 58 行.

[ 2017-06-07T18:22:55+08:00 ] 127.0.0.1 /htdocs/wechat/Subscription/wechat/index.php/home/api/reponseMsg
INFO: [ app_init ] --START--
INFO: Run Behavior\BuildLiteBehavior [ RunTime:0.000018s ]
INFO: [ app_init ] --END-- [ RunTime:0.000439s ]
INFO: [ app_begin ] --START--
INFO: Run Behavior\ReadHtmlCacheBehavior [ RunTime:0.000658s ]
INFO: [ app_begin ] --END-- [ RunTime:0.000747s ]
NOTIC: [8] Undefined index: HTTP_RAW_POST_DATA D:\wamp\Apache\htdocs\wechat\Subscription\wechat\Home\Controller\ApiController.class.php 第 58 行.

[ 2017-06-07T18:22:55+08:00 ] 127.0.0.1 /htdocs/wechat/Subscription/wechat/index.php/home/api/reponseMsg
INFO: [ app_init ] --START--
INFO: Run Behavior\BuildLiteBehavior [ RunTime:0.000035s ]
INFO: [ app_init ] --END-- [ RunTime:0.000618s ]
INFO: [ app_begin ] --START--
INFO: Run Behavior\ReadHtmlCacheBehavior [ RunTime:0.000618s ]
INFO: [ app_begin ] --END-- [ RunTime:0.000702s ]
NOTIC: [8] Undefined index: HTTP_RAW_POST_DATA D:\wamp\Apache\htdocs\wechat\Subscription\wechat\Home\Controller\ApiController.class.php 第 58 行.

[ 2017-06-07T18:22:55+08:00 ] 127.0.0.1 /htdocs/wechat/Subscription/wechat/index.php/home/api/reponseMsg
INFO: [ app_init ] --START--
INFO: Run Behavior\BuildLiteBehavior [ RunTime:0.000017s ]
INFO: [ app_init ] --END-- [ RunTime:0.000401s ]
INFO: [ app_begin ] --START--
INFO: Run Behavior\ReadHtmlCacheBehavior [ RunTime:0.000527s ]
INFO: [ app_begin ] --END-- [ RunTime:0.000599s ]
NOTIC: [8] Undefined index: HTTP_RAW_POST_DATA D:\wamp\Apache\htdocs\wechat\Subscription\wechat\Home\Controller\ApiController.class.php 第 58 行.

[ 2017-06-07T18:22:56+08:00 ] 127.0.0.1 /htdocs/wechat/Subscription/wechat/index.php/home/api/reponseMsg
INFO: [ app_init ] --START--
INFO: Run Behavior\BuildLiteBehavior [ RunTime:0.000021s ]
INFO: [ app_init ] --END-- [ RunTime:0.000580s ]
INFO: [ app_begin ] --START--
INFO: Run Behavior\ReadHtmlCacheBehavior [ RunTime:0.000947s ]
INFO: [ app_begin ] --END-- [ RunTime:0.001043s ]
NOTIC: [8] Undefined index: HTTP_RAW_POST_DATA D:\wamp\Apache\htdocs\wechat\Subscription\wechat\Home\Controller\ApiController.class.php 第 58 行.

[ 2017-06-07T18:22:56+08:00 ] 127.0.0.1 /htdocs/wechat/Subscription/wechat/index.php/home/api/reponseMsg
INFO: [ app_init ] --START--
INFO: Run Behavior\BuildLiteBehavior [ RunTime:0.000027s ]
INFO: [ app_init ] --END-- [ RunTime:0.000993s ]
INFO: [ app_begin ] --START--
INFO: Run Behavior\ReadHtmlCacheBehavior [ RunTime:0.001068s ]
INFO: [ app_begin ] --END-- [ RunTime:0.001195s ]
NOTIC: [8] Undefined index: HTTP_RAW_POST_DATA D:\wamp\Apache\htdocs\wechat\Subscription\wechat\Home\Controller\ApiController.class.php 第 58 行.

[ 2017-06-07T19:28:26+08:00 ] 127.0.0.1 /htdocs/wechat/Subscription/wechat/index.php/home/index/api
INFO: [ app_init ] --START--
INFO: Run Behavior\BuildLiteBehavior [ RunTime:0.000033s ]
INFO: [ app_init ] --END-- [ RunTime:0.000925s ]
INFO: [ app_begin ] --START--
INFO: Run Behavior\ReadHtmlCacheBehavior [ RunTime:0.000825s ]
INFO: [ app_begin ] --END-- [ RunTime:0.000938s ]
ERR: 非法操作:api

[ 2017-06-07T19:28:53+08:00 ] 127.0.0.1 /htdocs/wechat/Subscription/wechat/index.php/home/index/api/responesMsg
INFO: [ app_init ] --START--
INFO: Run Behavior\BuildLiteBehavior [ RunTime:0.000022s ]
INFO: [ app_init ] --END-- [ RunTime:0.000594s ]
INFO: [ app_begin ] --START--
INFO: Run Behavior\ReadHtmlCacheBehavior [ RunTime:0.000879s ]
INFO: [ app_begin ] --END-- [ RunTime:0.000974s ]
ERR: 非法操作:api

[ 2017-06-07T19:29:02+08:00 ] 127.0.0.1 /htdocs/wechat/Subscription/wechat/index.php/home/index/api/responseMsg
INFO: [ app_init ] --START--
INFO: Run Behavior\BuildLiteBehavior [ RunTime:0.000015s ]
INFO: [ app_init ] --END-- [ RunTime:0.000582s ]
INFO: [ app_begin ] --START--
INFO: Run Behavior\ReadHtmlCacheBehavior [ RunTime:0.000543s ]
INFO: [ app_begin ] --END-- [ RunTime:0.000608s ]
ERR: 非法操作:api

[ 2017-06-07T19:29:17+08:00 ] 127.0.0.1 /htdocs/wechat/Subscription/wechat/index.php/home/api/responseMsg
INFO: [ app_init ] --START--
INFO: Run Behavior\BuildLiteBehavior [ RunTime:0.000023s ]
INFO: [ app_init ] --END-- [ RunTime:0.000663s ]
INFO: [ app_begin ] --START--
INFO: Run Behavior\ReadHtmlCacheBehavior [ RunTime:0.000956s ]
INFO: [ app_begin ] --END-- [ RunTime:0.001057s ]
NOTIC: [8] Undefined index: HTTP_RAW_POST_DATA D:\wamp\Apache\htdocs\wechat\Subscription\wechat\Home\Controller\ApiController.class.php 第 77 行.

[ 2017-06-07T19:34:25+08:00 ] 127.0.0.1 /htdocs/wechat/Subscription/wechat/index.php/home/api/responseMsg
INFO: [ app_init ] --START--
INFO: Run Behavior\BuildLiteBehavior [ RunTime:0.000020s ]
INFO: [ app_init ] --END-- [ RunTime:0.000532s ]
INFO: [ app_begin ] --START--
INFO: Run Behavior\ReadHtmlCacheBehavior [ RunTime:0.000816s ]
INFO: [ app_begin ] --END-- [ RunTime:0.000914s ]
NOTIC: [8] Undefined index: HTTP_RAW_POST_DATA D:\wamp\Apache\htdocs\wechat\Subscription\wechat\Home\Controller\ApiController.class.php 第 77 行.

[ 2017-06-07T19:34:29+08:00 ] 127.0.0.1 /htdocs/wechat/Subscription/wechat/index.php/home/api/responseMsg
INFO: [ app_init ] --START--
INFO: Run Behavior\BuildLiteBehavior [ RunTime:0.000016s ]
INFO: [ app_init ] --END-- [ RunTime:0.000395s ]
INFO: [ app_begin ] --START--
INFO: Run Behavior\ReadHtmlCacheBehavior [ RunTime:0.000638s ]
INFO: [ app_begin ] --END-- [ RunTime:0.000734s ]
NOTIC: [8] Undefined index: HTTP_RAW_POST_DATA D:\wamp\Apache\htdocs\wechat\Subscription\wechat\Home\Controller\ApiController.class.php 第 77 行.

[ 2017-06-07T19:34:29+08:00 ] 127.0.0.1 /htdocs/wechat/Subscription/wechat/index.php/home/api/responseMsg
INFO: [ app_init ] --START--
INFO: Run Behavior\BuildLiteBehavior [ RunTime:0.000017s ]
INFO: [ app_init ] --END-- [ RunTime:0.000401s ]
INFO: [ app_begin ] --START--
INFO: Run Behavior\ReadHtmlCacheBehavior [ RunTime:0.000526s ]
INFO: [ app_begin ] --END-- [ RunTime:0.000595s ]
NOTIC: [8] Undefined index: HTTP_RAW_POST_DATA D:\wamp\Apache\htdocs\wechat\Subscription\wechat\Home\Controller\ApiController.class.php 第 77 行.

[ 2017-06-07T19:34:29+08:00 ] 127.0.0.1 /htdocs/wechat/Subscription/wechat/index.php/home/api/responseMsg
INFO: [ app_init ] --START--
INFO: Run Behavior\BuildLiteBehavior [ RunTime:0.000015s ]
INFO: [ app_init ] --END-- [ RunTime:0.000371s ]
INFO: [ app_begin ] --START--
INFO: Run Behavior\ReadHtmlCacheBehavior [ RunTime:0.000486s ]
INFO: [ app_begin ] --END-- [ RunTime:0.000553s ]
NOTIC: [8] Undefined index: HTTP_RAW_POST_DATA D:\wamp\Apache\htdocs\wechat\Subscription\wechat\Home\Controller\ApiController.class.php 第 77 行.

[ 2017-06-07T19:34:29+08:00 ] 127.0.0.1 /htdocs/wechat/Subscription/wechat/index.php/home/api/responseMsg
INFO: [ app_init ] --START--
INFO: Run Behavior\BuildLiteBehavior [ RunTime:0.000017s ]
INFO: [ app_init ] --END-- [ RunTime:0.000410s ]
INFO: [ app_begin ] --START--
INFO: Run Behavior\ReadHtmlCacheBehavior [ RunTime:0.000539s ]
INFO: [ app_begin ] --END-- [ RunTime:0.000610s ]
NOTIC: [8] Undefined index: HTTP_RAW_POST_DATA D:\wamp\Apache\htdocs\wechat\Subscription\wechat\Home\Controller\ApiController.class.php 第 77 行.

[ 2017-06-07T19:38:57+08:00 ] 127.0.0.1 /htdocs/wechat/Subscription/wechat/index.php/home/api/responseMsg
INFO: [ app_init ] --START--
INFO: Run Behavior\BuildLiteBehavior [ RunTime:0.000017s ]
INFO: [ app_init ] --END-- [ RunTime:0.000461s ]
INFO: [ app_begin ] --START--
INFO: Run Behavior\ReadHtmlCacheBehavior [ RunTime:0.000675s ]
INFO: [ app_begin ] --END-- [ RunTime:0.000747s ]
NOTIC: [8] Undefined index: HTTP_RAW_POST_DATA D:\wamp\Apache\htdocs\wechat\Subscription\wechat\Home\Controller\ApiController.class.php 第 77 行.

[ 2017-06-07T19:38:58+08:00 ] 127.0.0.1 /htdocs/wechat/Subscription/wechat/index.php/home/api/responseMsg
INFO: [ app_init ] --START--
INFO: Run Behavior\BuildLiteBehavior [ RunTime:0.000024s ]
INFO: [ app_init ] --END-- [ RunTime:0.000720s ]
INFO: [ app_begin ] --START--
INFO: Run Behavior\ReadHtmlCacheBehavior [ RunTime:0.001159s ]
INFO: [ app_begin ] --END-- [ RunTime:0.001293s ]
NOTIC: [8] Undefined index: HTTP_RAW_POST_DATA D:\wamp\Apache\htdocs\wechat\Subscription\wechat\Home\Controller\ApiController.class.php 第 77 行.

[ 2017-06-07T19:38:58+08:00 ] 127.0.0.1 /htdocs/wechat/Subscription/wechat/index.php/home/api/responseMsg
INFO: [ app_init ] --START--
INFO: Run Behavior\BuildLiteBehavior [ RunTime:0.000013s ]
INFO: [ app_init ] --END-- [ RunTime:0.000300s ]
INFO: [ app_begin ] --START--
INFO: Run Behavior\ReadHtmlCacheBehavior [ RunTime:0.000395s ]
INFO: [ app_begin ] --END-- [ RunTime:0.000446s ]
NOTIC: [8] Undefined index: HTTP_RAW_POST_DATA D:\wamp\Apache\htdocs\wechat\Subscription\wechat\Home\Controller\ApiController.class.php 第 77 行.

[ 2017-06-07T19:38:58+08:00 ] 127.0.0.1 /htdocs/wechat/Subscription/wechat/index.php/home/api/responseMsg
INFO: [ app_init ] --START--
INFO: Run Behavior\BuildLiteBehavior [ RunTime:0.000025s ]
INFO: [ app_init ] --END-- [ RunTime:0.000641s ]
INFO: [ app_begin ] --START--
INFO: Run Behavior\ReadHtmlCacheBehavior [ RunTime:0.000623s ]
INFO: [ app_begin ] --END-- [ RunTime:0.000710s ]
NOTIC: [8] Undefined index: HTTP_RAW_POST_DATA D:\wamp\Apache\htdocs\wechat\Subscription\wechat\Home\Controller\ApiController.class.php 第 77 行.

[ 2017-06-07T22:17:44+08:00 ] 127.0.0.1 /htdocs/wechat/Subscription/wechat/index.php/home/index/api
INFO: [ app_init ] --START--
INFO: Run Behavior\BuildLiteBehavior [ RunTime:0.000039s ]
INFO: [ app_init ] --END-- [ RunTime:0.057095s ]
INFO: [ app_begin ] --START--
INFO: Run Behavior\ReadHtmlCacheBehavior [ RunTime:0.019825s ]
INFO: [ app_begin ] --END-- [ RunTime:0.020007s ]
ERR: 非法操作:api

[ 2017-06-07T22:17:53+08:00 ] 127.0.0.1 /htdocs/wechat/Subscription/wechat/index.php/home/api/responseMsg
INFO: [ app_init ] --START--
INFO: Run Behavior\BuildLiteBehavior [ RunTime:0.000021s ]
INFO: [ app_init ] --END-- [ RunTime:0.001052s ]
INFO: [ app_begin ] --START--
INFO: Run Behavior\ReadHtmlCacheBehavior [ RunTime:0.000999s ]
INFO: [ app_begin ] --END-- [ RunTime:0.001151s ]

[ 2017-06-07T22:21:35+08:00 ] 127.0.0.1 /htdocs/wechat/Subscription/wechat/index.php/home/api/responseMsg
INFO: [ app_init ] --START--
INFO: Run Behavior\BuildLiteBehavior [ RunTime:0.000025s ]
INFO: [ app_init ] --END-- [ RunTime:0.000733s ]
INFO: [ app_begin ] --START--
INFO: Run Behavior\ReadHtmlCacheBehavior [ RunTime:0.001199s ]
INFO: [ app_begin ] --END-- [ RunTime:0.001315s ]
NOTIC: [8] Undefined index: HTTP_RAW_POST_DATA D:\wamp\Apache\htdocs\wechat\Subscription\wechat\Home\Controller\ApiController.class.php 第 77 行.

[ 2017-06-07T22:31:51+08:00 ] 127.0.0.1 /htdocs/wechat/Subscription/wechat/index.php/home/api/responseMsg
INFO: [ app_init ] --START--
INFO: Run Behavior\BuildLiteBehavior [ RunTime:0.000020s ]
INFO: [ app_init ] --END-- [ RunTime:0.000522s ]
INFO: [ app_begin ] --START--
INFO: Run Behavior\ReadHtmlCacheBehavior [ RunTime:0.000877s ]
INFO: [ app_begin ] --END-- [ RunTime:0.000975s ]

[ 2017-06-07T22:31:51+08:00 ] 127.0.0.1 /htdocs/wechat/Subscription/wechat/index.php/home/api/responseMsg
INFO: [ app_init ] --START--
INFO: Run Behavior\BuildLiteBehavior [ RunTime:0.000024s ]
INFO: [ app_init ] --END-- [ RunTime:0.000648s ]
INFO: [ app_begin ] --START--
INFO: Run Behavior\ReadHtmlCacheBehavior [ RunTime:0.000469s ]
INFO: [ app_begin ] --END-- [ RunTime:0.000531s ]

[ 2017-06-07T22:32:42+08:00 ] 127.0.0.1 /htdocs/wechat/Subscription/wechat/index.php/home/api/responseMsg
INFO: [ app_init ] --START--
INFO: Run Behavior\BuildLiteBehavior [ RunTime:0.000042s ]
INFO: [ app_init ] --END-- [ RunTime:0.000979s ]
INFO: [ app_begin ] --START--
INFO: Run Behavior\ReadHtmlCacheBehavior [ RunTime:0.001174s ]
INFO: [ app_begin ] --END-- [ RunTime:0.001276s ]
NOTIC: [8] Undefined index: HTTP_RAW_POST_DATA D:\wamp\Apache\htdocs\wechat\Subscription\wechat\Home\Controller\ApiController.class.php 第 77 行.

[ 2017-06-07T22:32:43+08:00 ] 127.0.0.1 /htdocs/wechat/Subscription/wechat/index.php/home/api/responseMsg
INFO: [ app_init ] --START--
INFO: Run Behavior\BuildLiteBehavior [ RunTime:0.000017s ]
INFO: [ app_init ] --END-- [ RunTime:0.000408s ]
INFO: [ app_begin ] --START--
INFO: Run Behavior\ReadHtmlCacheBehavior [ RunTime:0.000750s ]
INFO: [ app_begin ] --END-- [ RunTime:0.000827s ]
NOTIC: [8] Undefined index: HTTP_RAW_POST_DATA D:\wamp\Apache\htdocs\wechat\Subscription\wechat\Home\Controller\ApiController.class.php 第 77 行.

[ 2017-06-07T22:42:05+08:00 ] 127.0.0.1 /htdocs/wechat/Subscription/wechat/index.php/home/api/responseMsg
INFO: [ app_init ] --START--
INFO: Run Behavior\BuildLiteBehavior [ RunTime:0.000018s ]
INFO: [ app_init ] --END-- [ RunTime:0.000470s ]
INFO: [ app_begin ] --START--
INFO: Run Behavior\ReadHtmlCacheBehavior [ RunTime:0.000785s ]
INFO: [ app_begin ] --END-- [ RunTime:0.000872s ]
NOTIC: [8] Undefined index: HTTP_RAW_POST_DATA D:\wamp\Apache\htdocs\wechat\Subscription\wechat\Home\Controller\ApiController.class.php 第 77 行.

[ 2017-06-07T22:42:05+08:00 ] 127.0.0.1 /htdocs/wechat/Subscription/wechat/index.php/home/api/responseMsg
INFO: [ app_init ] --START--
INFO: Run Behavior\BuildLiteBehavior [ RunTime:0.000013s ]
INFO: [ app_init ] --END-- [ RunTime:0.000296s ]
INFO: [ app_begin ] --START--
INFO: Run Behavior\ReadHtmlCacheBehavior [ RunTime:0.000381s ]
INFO: [ app_begin ] --END-- [ RunTime:0.000431s ]
NOTIC: [8] Undefined index: HTTP_RAW_POST_DATA D:\wamp\Apache\htdocs\wechat\Subscription\wechat\Home\Controller\ApiController.class.php 第 77 行.

[ 2017-06-07T22:42:05+08:00 ] 127.0.0.1 /htdocs/wechat/Subscription/wechat/index.php/home/api/responseMsg
INFO: [ app_init ] --START--
INFO: Run Behavior\BuildLiteBehavior [ RunTime:0.000026s ]
INFO: [ app_init ] --END-- [ RunTime:0.000612s ]
INFO: [ app_begin ] --START--
INFO: Run Behavior\ReadHtmlCacheBehavior [ RunTime:0.000812s ]
INFO: [ app_begin ] --END-- [ RunTime:0.000918s ]
NOTIC: [8] Undefined index: HTTP_RAW_POST_DATA D:\wamp\Apache\htdocs\wechat\Subscription\wechat\Home\Controller\ApiController.class.php 第 77 行.

[ 2017-06-07T22:42:05+08:00 ] 127.0.0.1 /htdocs/wechat/Subscription/wechat/index.php/home/api/responseMsg
INFO: [ app_init ] --START--
INFO: Run Behavior\BuildLiteBehavior [ RunTime:0.000015s ]
INFO: [ app_init ] --END-- [ RunTime:0.000613s ]
INFO: [ app_begin ] --START--
INFO: Run Behavior\ReadHtmlCacheBehavior [ RunTime:0.000398s ]
INFO: [ app_begin ] --END-- [ RunTime:0.000450s ]
NOTIC: [8] Undefined index: HTTP_RAW_POST_DATA D:\wamp\Apache\htdocs\wechat\Subscription\wechat\Home\Controller\ApiController.class.php 第 77 行.

[ 2017-06-07T22:45:49+08:00 ] 127.0.0.1 /htdocs/wechat/Subscription/wechat/index.php/home/api/responseMsg
INFO: [ app_init ] --START--
INFO: Run Behavior\BuildLiteBehavior [ RunTime:0.000012s ]
INFO: [ app_init ] --END-- [ RunTime:0.000343s ]
INFO: [ app_begin ] --START--
INFO: Run Behavior\ReadHtmlCacheBehavior [ RunTime:0.000503s ]
INFO: [ app_begin ] --END-- [ RunTime:0.000558s ]
NOTIC: [8] Undefined index: HTTP_RAW_POST_DATA D:\wamp\Apache\htdocs\wechat\Subscription\wechat\Home\Controller\ApiController.class.php 第 77 行.

[ 2017-06-07T22:59:16+08:00 ] 127.0.0.1 /htdocs/wechat/Subscription/wechat/index.php/home/api/responseMsg
INFO: [ app_init ] --START--
INFO: Run Behavior\BuildLiteBehavior [ RunTime:0.000022s ]
INFO: [ app_init ] --END-- [ RunTime:0.000650s ]
INFO: [ app_begin ] --START--
INFO: Run Behavior\ReadHtmlCacheBehavior [ RunTime:0.000802s ]
INFO: [ app_begin ] --END-- [ RunTime:0.000889s ]
NOTIC: [8] Undefined index: HTTP_RAW_POST_DATA D:\wamp\Apache\htdocs\wechat\Subscription\wechat\Home\Controller\ApiController.class.php 第 77 行.

[ 2017-06-07T23:40:11+08:00 ] 127.0.0.1 /htdocs/wechat/Subscription/wechat/index.php/home/api/responseMsg
INFO: [ app_init ] --START--
INFO: Run Behavior\BuildLiteBehavior [ RunTime:0.000025s ]
INFO: [ app_init ] --END-- [ RunTime:0.000703s ]
INFO: [ app_begin ] --START--
INFO: Run Behavior\ReadHtmlCacheBehavior [ RunTime:0.001261s ]
INFO: [ app_begin ] --END-- [ RunTime:0.001375s ]
NOTIC: [8] Undefined index: HTTP_RAW_POST_DATA D:\wamp\Apache\htdocs\wechat\Subscription\wechat\Home\Controller\ApiController.class.php 第 43 行.
NOTIC: [8] Trying to get property of non-object D:\wamp\Apache\htdocs\wechat\Subscription\wechat\Home\Controller\ApiController.class.php 第 48 行.
INFO: [ app_end ] --START--
INFO: Run Behavior\ShowPageTraceBehavior [ RunTime:0.011156s ]
INFO: [ app_end ] --END-- [ RunTime:0.011421s ]

[ 2017-06-07T23:40:52+08:00 ] 127.0.0.1 /htdocs/wechat/Subscription/wechat/index.php/home/api/responseMsg
INFO: [ app_init ] --START--
INFO: Run Behavior\BuildLiteBehavior [ RunTime:0.000013s ]
INFO: [ app_init ] --END-- [ RunTime:0.000397s ]
INFO: [ app_begin ] --START--
INFO: Run Behavior\ReadHtmlCacheBehavior [ RunTime:0.000645s ]
INFO: [ app_begin ] --END-- [ RunTime:0.000765s ]
NOTIC: [8] Undefined index: HTTP_RAW_POST_DATA D:\wamp\Apache\htdocs\wechat\Subscription\wechat\Home\Controller\ApiController.class.php 第 43 行.
NOTIC: [8] Trying to get property of non-object D:\wamp\Apache\htdocs\wechat\Subscription\wechat\Home\Controller\ApiController.class.php 第 51 行.
INFO: [ app_end ] --START--
INFO: Run Behavior\ShowPageTraceBehavior [ RunTime:0.000503s ]
INFO: [ app_end ] --END-- [ RunTime:0.000555s ]

[ 2017-06-07T23:44:24+08:00 ] 127.0.0.1 /htdocs/wechat/Subscription/wechat/index.php/home/api/responseMsg
INFO: [ app_init ] --START--
INFO: Run Behavior\BuildLiteBehavior [ RunTime:0.000049s ]
INFO: [ app_init ] --END-- [ RunTime:0.001354s ]
INFO: [ app_begin ] --START--
INFO: Run Behavior\ReadHtmlCacheBehavior [ RunTime:0.001959s ]
INFO: [ app_begin ] --END-- [ RunTime:0.002134s ]
NOTIC: [8] Undefined index: HTTP_RAW_POST_DATA D:\wamp\Apache\htdocs\wechat\Subscription\wechat\Home\Controller\ApiController.class.php 第 43 行.
NOTIC: [8] Trying to get property of non-object D:\wamp\Apache\htdocs\wechat\Subscription\wechat\Home\Controller\ApiController.class.php 第 51 行.
INFO: [ app_end ] --START--
INFO: Run Behavior\ShowPageTraceBehavior [ RunTime:0.001677s ]
INFO: [ app_end ] --END-- [ RunTime:0.001843s ]

